<?xml version="1.0" encoding="UTF-8"?>
<testsuite name="com.rubyko.rmi.LibraryTest" tests="1" skipped="0" failures="0" errors="0" timestamp="2016-02-23T18:50:26" hostname="uven" time="0.001">
  <properties/>
  <testcase name="testSomeLibraryMethod" classname="com.rubyko.rmi.LibraryTest" time="0.001"/>
  <system-out><![CDATA[]]></system-out>
  <system-err><![CDATA[]]></system-err>
</testsuite>
